RELICCOH2 started at 
11:48:53.61   GAME -- Starting mission: DATA:scenarios\sp\coh2_campaign\m01-stalingrad_rail_station\stalingrad_rail_station
11:51:19.78   MOD -- Game Over at frame 1110
11:48:53.61   GAME -- Starting mission: DATA:scenarios\sp\coh2_campaign\m02-scorched_earth\scorched_earth
11:51:19.78   MOD -- Game Over at frame 1110
11:48:53.61   GAME -- Starting mission: DATA:scenarios\sp\coh2_campaign\m03-moscow_outskirts\moscow_outskirts
11:51:19.78   MOD -- Game Over at frame 1110
11:48:53.61   GAME -- Starting mission: DATA:scenarios\sp\coh2_campaign\m04-kaluga\kaluga
11:51:19.78   MOD -- Game Over at frame 1110
11:48:53.61   GAME -- Starting mission: DATA:scenarios\sp\coh2_campaign\m05-stalingrad\stalingrad
11:51:19.78   MOD -- Game Over at frame 1110
11:48:53.61   GAME -- Starting mission: DATA:scenarios\sp\coh2_campaign\m06-stalingrad_injury\stalingrad_injury
11:51:19.78   MOD -- Game Over at frame 1110
11:48:53.61   GAME -- Starting mission: DATA:scenarios\sp\coh2_campaign\m07-shlisselburg\shlisselburg
11:51:19.78   MOD -- Game Over at frame 1110
11:48:53.61   GAME -- Starting mission: DATA:scenarios\sp\coh2_campaign\m08-tiger_hunting\tiger_hunting
11:51:19.78   MOD -- Game Over at frame 1110
11:48:53.61   GAME -- Starting mission: DATA:scenarios\sp\coh2_campaign\m09-bagration\orsha
11:51:19.78   MOD -- Game Over at frame 1110
11:48:53.61   GAME -- Starting mission: DATA:scenarios\sp\coh2_campaign\m10-lublin\lublin
11:51:19.78   MOD -- Game Over at frame 1110
11:48:53.61   GAME -- Starting mission: DATA:scenarios\sp\coh2_campaign\m11-behind_enemy_lines\german_lines
11:51:19.78   MOD -- Game Over at frame 1110
11:48:53.61   GAME -- Starting mission: DATA:scenarios\sp\coh2_campaign\m12-poznan\poznan
11:51:19.78   MOD -- Game Over at frame 1110
11:48:53.61   GAME -- Starting mission: DATA:scenarios\sp\coh2_campaign\m13-halbe\halbe
11:51:19.78   MOD -- Game Over at frame 1110
11:48:53.61   GAME -- Starting mission: DATA:scenarios\sp\coh2_campaign\m14-the_reichstag\the_reichstag
11:51:19.78   MOD -- Game Over at frame 1110
